[2026-02-27T18:51:23.831Z] [INFO] ========================================
[2026-02-27T18:51:23.835Z] [INFO] BlockHash Cron Runner v1.0.0
[2026-02-27T18:51:23.835Z] [INFO] ========================================
[2026-02-27T18:51:23.836Z] [INFO] Starting BlockHash color derivation pipeline
[2026-02-27T18:51:23.836Z] [INFO] Step 1: Fetching latest block hash...
[2026-02-27T18:51:24.434Z] [INFO]   Got hash: 00000000000000000001494eed78ec1402ec9bf3302f10d2e1ac40f70d1301ee
[2026-02-27T18:51:24.434Z] [INFO] Step 2: Parsing ledger data...
[2026-02-27T18:51:24.439Z] [INFO]   Parsed hash length: 64
[2026-02-27T18:51:24.439Z] [INFO] Step 3: Deriving colors...
[2026-02-27T18:51:24.441Z] [INFO]   Derived 6 colors
[2026-02-27T18:51:24.441Z] [INFO]   Primary: #1e8cc2
[2026-02-27T18:51:24.441Z] [INFO]   Accent: #c2551e
[2026-02-27T18:51:24.442Z] [INFO] Step 4: Publishing output files...
[2026-02-27T18:51:24.444Z] [INFO]   Published 3 files:
[2026-02-27T18:51:24.444Z] [INFO]     - css: /Users/atlas/.openclaw/workspace/blockhash/public/colors.css
[2026-02-27T18:51:24.444Z] [INFO]     - json: /Users/atlas/.openclaw/workspace/blockhash/public/colors.json
[2026-02-27T18:51:24.444Z] [INFO]     - html: /Users/atlas/.openclaw/workspace/blockhash/public/colors-preview.html
[2026-02-27T18:51:24.444Z] [INFO] Pipeline completed successfully in 0.61s
[2026-02-27T18:51:24.444Z] [INFO] Primary color: #1e8cc2
[2026-02-27T18:51:24.444Z] [INFO] Accent color: #c2551e
[2026-02-27T18:51:24.444Z] [INFO] Block hash: 00000000000000000001494eed78ec1402ec9bf3302f10d2e1ac40f70d1301ee
[2026-02-27T18:51:24.444Z] [INFO] ========================================
[2026-02-27T22:00:03.681Z] [INFO] ========================================
[2026-02-27T22:00:03.683Z] [INFO] BlockHash Cron Runner v1.0.0
[2026-02-27T22:00:03.683Z] [INFO] ========================================
[2026-02-27T22:00:03.683Z] [INFO] Starting BlockHash color derivation pipeline
[2026-02-27T22:00:03.683Z] [INFO] Step 1: Fetching latest block hash...
[fetchLatestBlockHash] Latest hash: 0000000000000000000123c99eac6708da6b860171ccdcc8102ae91be74a417f
[2026-02-27T22:00:04.279Z] [INFO]   Got hash: 0000000000000000000123c99eac6708da6b860171ccdcc8102ae91be74a417f
[2026-02-27T22:00:04.279Z] [INFO] Step 2: Parsing ledger data...
[parseLedger] Parsed hash: 0000000000000000...
[parseLedger] Parsed result: {
  hash: '0000000000000000...',
  hashCount: 1,
  metadata: { height: null, timestamp: null, txCount: 0, size: null }
}
[2026-02-27T22:00:04.284Z] [INFO]   Parsed hash length: 64
[2026-02-27T22:00:04.284Z] [INFO] Step 3: Deriving colors...
[deriveColors] Deriving colors from hash: 0000000000000000...
[deriveColors] Derived palette: 6 colors
[2026-02-27T22:00:04.287Z] [INFO]   Derived 6 colors
[2026-02-27T22:00:04.287Z] [INFO]   Primary: #a72532
[2026-02-27T22:00:04.287Z] [INFO]   Accent: #25a79a
[2026-02-27T22:00:04.287Z] [INFO] Step 4: Publishing output files...
[publish] Wrote CSS variables to: /Users/atlas/.openclaw/workspace/blockhash/public/colors.css
[publish] Wrote JSON to: /Users/atlas/.openclaw/workspace/blockhash/public/colors.json
[publish] Wrote HTML preview to: /Users/atlas/.openclaw/workspace/blockhash/public/colors-preview.html
[2026-02-27T22:00:04.290Z] [INFO]   Published 3 files:
[2026-02-27T22:00:04.290Z] [INFO]     - css: /Users/atlas/.openclaw/workspace/blockhash/public/colors.css
[2026-02-27T22:00:04.290Z] [INFO]     - json: /Users/atlas/.openclaw/workspace/blockhash/public/colors.json
[2026-02-27T22:00:04.290Z] [INFO]     - html: /Users/atlas/.openclaw/workspace/blockhash/public/colors-preview.html
[2026-02-27T22:00:04.290Z] [INFO] Pipeline completed successfully in 0.61s
[2026-02-27T22:00:04.290Z] [INFO] Primary color: #a72532
[2026-02-27T22:00:04.290Z] [INFO] Accent color: #25a79a
[2026-02-27T22:00:04.290Z] [INFO] Block hash: 0000000000000000000123c99eac6708da6b860171ccdcc8102ae91be74a417f
[2026-02-27T22:00:04.290Z] [INFO] ========================================
[2026-02-28T04:00:01.211Z] [INFO] ========================================
[2026-02-28T04:00:01.213Z] [INFO] BlockHash Cron Runner v1.0.0
[2026-02-28T04:00:01.213Z] [INFO] ========================================
[2026-02-28T04:00:01.213Z] [INFO] Starting BlockHash color derivation pipeline
[2026-02-28T04:00:01.213Z] [INFO] Step 1: Fetching latest block hash...
[fetchLatestBlockHash] Latest hash: 0000000000000000000152e88e690b5f199eb448e60459bda7c1b15a4f817af0
[2026-02-28T04:00:01.883Z] [INFO]   Got hash: 0000000000000000000152e88e690b5f199eb448e60459bda7c1b15a4f817af0
[2026-02-28T04:00:01.883Z] [INFO] Step 2: Parsing ledger data...
[parseLedger] Parsed hash: 0000000000000000...
[parseLedger] Parsed result: {
  hash: '0000000000000000...',
  hashCount: 1,
  metadata: { height: null, timestamp: null, txCount: 0, size: null }
}
[2026-02-28T04:00:01.889Z] [INFO]   Parsed hash length: 64
[2026-02-28T04:00:01.889Z] [INFO] Step 3: Deriving colors...
[deriveColors] Deriving colors from hash: 0000000000000000...
[deriveColors] Derived palette: 6 colors
[2026-02-28T04:00:01.894Z] [INFO]   Derived 6 colors
[2026-02-28T04:00:01.894Z] [INFO]   Primary: #e66baa
[2026-02-28T04:00:01.894Z] [INFO]   Accent: #6be6a6
[2026-02-28T04:00:01.894Z] [INFO] Step 4: Publishing output files...
[publish] Wrote CSS variables to: /Users/atlas/.openclaw/workspace/blockhash/public/colors.css
[publish] Wrote JSON to: /Users/atlas/.openclaw/workspace/blockhash/public/colors.json
[publish] Wrote HTML preview to: /Users/atlas/.openclaw/workspace/blockhash/public/colors-preview.html
[2026-02-28T04:00:01.898Z] [INFO]   Published 3 files:
[2026-02-28T04:00:01.898Z] [INFO]     - css: /Users/atlas/.openclaw/workspace/blockhash/public/colors.css
[2026-02-28T04:00:01.898Z] [INFO]     - json: /Users/atlas/.openclaw/workspace/blockhash/public/colors.json
[2026-02-28T04:00:01.898Z] [INFO]     - html: /Users/atlas/.openclaw/workspace/blockhash/public/colors-preview.html
[2026-02-28T04:00:01.898Z] [INFO] Pipeline completed successfully in 0.69s
[2026-02-28T04:00:01.898Z] [INFO] Primary color: #e66baa
[2026-02-28T04:00:01.898Z] [INFO] Accent color: #6be6a6
[2026-02-28T04:00:01.898Z] [INFO] Block hash: 0000000000000000000152e88e690b5f199eb448e60459bda7c1b15a4f817af0
[2026-02-28T04:00:01.898Z] [INFO] ========================================
